<?xml version="1.0" encoding="UTF-8"?>
<!-- Generated by org.testng.reporters.JUnitReportReporter -->
<testsuite skipped="0" hostname="Methmal-G" name="com.zone.methmal.Homepage" tests="5" failures="0" timestamp="17 Apr 2018 11:37:38 GMT" time="14.318" errors="0">
  <testcase name="assertLinkTextClick" time="7.687" classname="com.zone.methmal.Homepage"/>
  <testcase name="assertSeeCollection3" time="1.284" classname="com.zone.methmal.Homepage"/>
  <testcase name="assertSeeCollection1" time="2.942" classname="com.zone.methmal.Homepage"/>
  <testcase name="assertSeeCollection2" time="1.614" classname="com.zone.methmal.Homepage"/>
  <testcase name="assertBasics" time="0.791" classname="com.zone.methmal.Homepage"/>
</testsuite> <!-- com.zone.methmal.Homepage -->
